TN:
SF:src/components/EmptyState.tsx
FN:19,EmptyState
FNF:1
FNH:0
FNDA:0,EmptyState
DA:26,0
LF:1
LH:0
BRDA:24,0,0,0
BRDA:31,1,0,0
BRDA:31,1,1,0
BRDA:34,2,0,0
BRDA:34,2,1,0
BRDA:37,3,0,0
BRDA:37,3,1,0
BRF:7
BRH:0
end_of_record
TN:
SF:src/components/ErrorBoundary.tsx
FN:24,(anonymous_0)
FN:60,(anonymous_1)
FN:69,(anonymous_2)
FN:73,(anonymous_3)
FN:33,(anonymous_4)
FN:41,(anonymous_5)
FN:77,(anonymous_6)
FN:195,(anonymous_7)
FN:221,(anonymous_8)
FN:204,(anonymous_9)
FN:212,(anonymous_10)
FN:229,(anonymous_11)
FNF:12
FNH:0
FNDA:0,(anonymous_0)
FNDA:0,(anonymous_1)
FNDA:0,(anonymous_2)
FNDA:0,(anonymous_3)
FNDA:0,(anonymous_4)
FNDA:0,(anonymous_5)
FNDA:0,(anonymous_6)
FNDA:0,(anonymous_7)
FNDA:0,(anonymous_8)
FNDA:0,(anonymous_9)
FNDA:0,(anonymous_10)
FNDA:0,(anonymous_11)
DA:25,0
DA:26,0
DA:34,0
DA:43,0
DA:45,0
DA:51,0
DA:52,0
DA:60,0
DA:61,0
DA:62,0
DA:69,0
DA:70,0
DA:73,0
DA:74,0
DA:78,0
DA:80,0
DA:81,0
DA:84,0
DA:178,0
DA:196,0
DA:197,0
DA:205,0
DA:213,0
DA:218,0
DA:221,0
DA:222,0
DA:230,0
DA:231,0
DA:253,0
LF:29
LH:0
BRDA:51,0,0,0
BRDA:51,0,1,0
BRDA:51,1,0,0
BRDA:51,1,1,0
BRDA:78,2,0,0
BRDA:78,2,1,0
BRDA:80,3,0,0
BRDA:80,3,1,0
BRDA:109,4,0,0
BRDA:109,4,1,0
BRDA:109,4,2,0
BRDA:114,5,0,0
BRDA:114,5,1,0
BRDA:170,6,0,0
BRDA:170,6,1,0
BRDA:230,7,0,0
BRDA:230,7,1,0
BRF:17
BRH:0
end_of_record
TN:
SF:src/components/PagePrimitives.tsx
FN:17,GlassCard
FN:50,CopyButton
FN:59,(anonymous_2)
FN:64,(anonymous_3)
FN:94,SectionHeader
FN:129,Sparkline
FN:137,(anonymous_6)
FN:145,(anonymous_7)
FN:191,ChartTooltip
FN:199,(anonymous_9)
FN:204,(anonymous_10)
FN:282,StatusBadge
FNF:12
FNH:1
FNDA:5,GlassCard
FNDA:0,CopyButton
FNDA:0,(anonymous_2)
FNDA:0,(anonymous_3)
FNDA:0,SectionHeader
FNDA:0,Sparkline
FNDA:0,(anonymous_6)
FNDA:0,(anonymous_7)
FNDA:0,ChartTooltip
FNDA:0,(anonymous_9)
FNDA:0,(anonymous_10)
FNDA:0,StatusBadge
DA:1,1
DA:24,5
DA:56,0
DA:57,0
DA:59,0
DA:60,0
DA:61,0
DA:62,0
DA:63,0
DA:64,0
DA:67,0
DA:100,0
DA:136,0
DA:137,0
DA:139,0
DA:141,0
DA:142,0
DA:143,0
DA:144,0
DA:147,0
DA:151,0
DA:153,0
DA:197,0
DA:199,0
DA:200,0
DA:201,0
DA:205,0
DA:229,1
DA:283,0
DA:284,0
DA:290,0
LF:31
LH:3
BRDA:19,0,0,5
BRDA:20,1,0,5
BRDA:29,2,0,5
BRDA:29,2,1,0
BRDA:32,3,0,1
BRDA:32,3,1,4
BRDA:53,4,0,0
BRDA:54,5,0,0
BRDA:57,6,0,0
BRDA:57,6,1,0
BRDA:60,7,0,0
BRDA:60,7,1,0
BRDA:72,8,0,0
BRDA:72,8,1,0
BRDA:74,9,0,0
BRDA:74,9,1,0
BRDA:98,10,0,0
BRDA:102,11,0,0
BRDA:102,11,1,0
BRDA:106,12,0,0
BRDA:106,12,1,0
BRDA:110,13,0,0
BRDA:110,13,1,0
BRDA:131,14,0,0
BRDA:132,15,0,0
BRDA:133,16,0,0
BRDA:134,17,0,0
BRDA:139,18,0,0
BRDA:139,18,1,0
BRDA:143,19,0,0
BRDA:143,19,1,0
BRDA:160,20,0,0
BRDA:160,20,1,0
BRDA:197,21,0,0
BRDA:197,21,1,0
BRDA:197,22,0,0
BRDA:197,22,1,0
BRDA:199,23,0,0
BRDA:199,23,1,0
BRDA:200,24,0,0
BRDA:200,24,1,0
BRDA:203,25,0,0
BRDA:203,25,1,0
BRDA:283,26,0,0
BRDA:283,26,1,0
BRDA:284,27,0,0
BRDA:284,27,1,0
BRDA:295,28,0,0
BRDA:295,28,1,0
BRDA:295,29,0,0
BRDA:295,29,1,0
BRF:51
BRH:5
end_of_record
TN:
SF:src/components/SEOHead.tsx
FN:13,SEOHead
FNF:1
FNH:0
FNDA:0,SEOHead
DA:14,0
DA:15,0
DA:16,0
DA:18,0
LF:4
LH:0
BRDA:13,0,0,0
BRF:1
BRH:0
end_of_record
TN:
SF:src/components/SharedComponents.tsx
FN:42,formatNumber
FN:46,truncateAddress
FN:60,LiveDot
FN:99,Badge
FN:129,ProgressRing
FN:139,(anonymous_5)
FN:140,(anonymous_6)
FN:143,(anonymous_7)
FN:185,AnimatedNumber
FN:196,(anonymous_9)
FN:206,tick
FN:220,(anonymous_11)
FN:258,Tabs
FN:261,(anonymous_13)
FN:264,(anonymous_14)
FN:308,Modal
FN:317,(anonymous_16)
FN:319,(anonymous_17)
FN:326,(anonymous_18)
FN:328,(anonymous_19)
FN:332,(anonymous_20)
FN:336,(anonymous_21)
FN:340,(anonymous_22)
FN:403,ConfirmDialog
FN:458,Drawer
FN:467,(anonymous_25)
FN:469,(anonymous_26)
FN:475,(anonymous_27)
FN:477,(anonymous_28)
FN:481,(anonymous_29)
FN:484,(anonymous_30)
FN:486,(anonymous_31)
FN:557,ToastContainer
FN:568,(anonymous_33)
FN:581,(anonymous_34)
FN:614,buildSearchResults
FN:651,(anonymous_36)
FN:658,(anonymous_37)
FN:682,(anonymous_38)
FN:687,(anonymous_39)
FN:698,SearchOverlay
FN:710,(anonymous_41)
FN:713,(anonymous_42)
FN:714,(anonymous_43)
FN:718,(anonymous_44)
FN:722,(anonymous_45)
FN:727,(anonymous_46)
FN:729,(anonymous_47)
FN:734,(anonymous_48)
FN:737,(anonymous_49)
FN:744,(anonymous_50)
FN:748,(anonymous_51)
FN:750,(anonymous_52)
FN:769,(anonymous_53)
FN:784,(anonymous_54)
FN:799,(anonymous_55)
FN:805,(anonymous_56)
FN:811,(anonymous_57)
FN:841,(anonymous_58)
FN:844,(anonymous_59)
FN:917,TopNav
FN:947,(anonymous_61)
FN:977,(anonymous_62)
FN:994,(anonymous_63)
FN:1043,Footer
FN:1052,(anonymous_65)
FN:1058,(anonymous_66)
FNF:67
FNH:0
FNDA:0,formatNumber
FNDA:0,truncateAddress
FNDA:0,LiveDot
FNDA:0,Badge
FNDA:0,ProgressRing
FNDA:0,(anonymous_5)
FNDA:0,(anonymous_6)
FNDA:0,(anonymous_7)
FNDA:0,AnimatedNumber
FNDA:0,(anonymous_9)
FNDA:0,tick
FNDA:0,(anonymous_11)
FNDA:0,Tabs
FNDA:0,(anonymous_13)
FNDA:0,(anonymous_14)
FNDA:0,Modal
FNDA:0,(anonymous_16)
FNDA:0,(anonymous_17)
FNDA:0,(anonymous_18)
FNDA:0,(anonymous_19)
FNDA:0,(anonymous_20)
FNDA:0,(anonymous_21)
FNDA:0,(anonymous_22)
FNDA:0,ConfirmDialog
FNDA:0,Drawer
FNDA:0,(anonymous_25)
FNDA:0,(anonymous_26)
FNDA:0,(anonymous_27)
FNDA:0,(anonymous_28)
FNDA:0,(anonymous_29)
FNDA:0,(anonymous_30)
FNDA:0,(anonymous_31)
FNDA:0,ToastContainer
FNDA:0,(anonymous_33)
FNDA:0,(anonymous_34)
FNDA:0,buildSearchResults
FNDA:0,(anonymous_36)
FNDA:0,(anonymous_37)
FNDA:0,(anonymous_38)
FNDA:0,(anonymous_39)
FNDA:0,SearchOverlay
FNDA:0,(anonymous_41)
FNDA:0,(anonymous_42)
FNDA:0,(anonymous_43)
FNDA:0,(anonymous_44)
FNDA:0,(anonymous_45)
FNDA:0,(anonymous_46)
FNDA:0,(anonymous_47)
FNDA:0,(anonymous_48)
FNDA:0,(anonymous_49)
FNDA:0,(anonymous_50)
FNDA:0,(anonymous_51)
FNDA:0,(anonymous_52)
FNDA:0,(anonymous_53)
FNDA:0,(anonymous_54)
FNDA:0,(anonymous_55)
FNDA:0,(anonymous_56)
FNDA:0,(anonymous_57)
FNDA:0,(anonymous_58)
FNDA:0,(anonymous_59)
FNDA:0,TopNav
FNDA:0,(anonymous_61)
FNDA:0,(anonymous_62)
FNDA:0,(anonymous_63)
FNDA:0,Footer
FNDA:0,(anonymous_65)
FNDA:0,(anonymous_66)
DA:43,0
DA:47,0
DA:48,0
DA:61,0
DA:66,0
DA:71,0
DA:72,0
DA:74,0
DA:100,0
DA:109,0
DA:135,0
DA:136,0
DA:137,0
DA:139,0
DA:140,0
DA:141,0
DA:143,0
DA:146,0
DA:192,0
DA:193,0
DA:194,0
DA:196,0
DA:197,0
DA:198,0
DA:199,0
DA:201,0
DA:203,0
DA:204,0
DA:207,0
DA:208,0
DA:210,0
DA:211,0
DA:213,0
DA:214,0
DA:218,0
DA:220,0
DA:221,0
DA:225,0
DA:230,0
DA:259,0
DA:262,0
DA:264,0
DA:301,0
DA:315,0
DA:317,0
DA:318,0
DA:319,0
DA:320,0
DA:321,0
DA:326,0
DA:327,0
DA:328,0
DA:329,0
DA:331,0
DA:332,0
DA:336,0
DA:337,0
DA:338,0
DA:340,0
DA:341,0
DA:345,0
DA:347,0
DA:412,0
DA:465,0
DA:467,0
DA:468,0
DA:469,0
DA:470,0
DA:471,0
DA:475,0
DA:476,0
DA:477,0
DA:478,0
DA:480,0
DA:481,0
DA:484,0
DA:485,0
DA:486,0
DA:487,0
DA:491,0
DA:493,0
DA:543,0
DA:550,0
DA:558,0
DA:560,0
DA:562,0
DA:569,0
DA:581,0
DA:603,0
DA:615,0
DA:616,0
DA:617,0
DA:620,0
DA:621,0
DA:622,0
DA:636,0
DA:637,0
DA:638,0
DA:651,0
DA:652,0
DA:654,0
DA:655,0
DA:658,0
DA:666,0
DA:667,0
DA:668,0
DA:681,0
DA:682,0
DA:683,0
DA:684,0
DA:687,0
DA:695,0
DA:699,0
DA:700,0
DA:701,0
DA:702,0
DA:703,0
DA:704,0
DA:710,0
DA:713,0
DA:714,0
DA:718,0
DA:719,0
DA:720,0
DA:721,0
DA:722,0
DA:727,0
DA:728,0
DA:729,0
DA:730,0
DA:731,0
DA:732,0
DA:733,0
DA:734,0
DA:735,0
DA:736,0
DA:737,0
DA:738,0
DA:739,0
DA:740,0
DA:743,0
DA:744,0
DA:748,0
DA:749,0
DA:750,0
DA:751,0
DA:755,0
DA:757,0
DA:759,0
DA:769,0
DA:785,0
DA:786,0
DA:800,0
DA:806,0
DA:807,0
DA:808,0
DA:812,0
DA:813,0
DA:842,0
DA:844,0
DA:908,0
DA:918,0
DA:920,0
DA:948,0
DA:977,0
DA:995,0
DA:1016,0
DA:1044,0
DA:1053,0
DA:1059,0
LF:170
LH:0
BRDA:46,0,0,0
BRDA:46,1,0,0
BRDA:47,2,0,0
BRDA:47,2,1,0
BRDA:60,3,0,0
BRDA:60,4,0,0
BRDA:71,5,0,0
BRDA:71,5,1,0
BRDA:72,6,0,0
BRDA:72,6,1,0
BRDA:131,7,0,0
BRDA:132,8,0,0
BRDA:133,9,0,0
BRDA:187,10,0,0
BRDA:188,11,0,0
BRDA:189,12,0,0
BRDA:190,13,0,0
BRDA:197,14,0,0
BRDA:197,14,1,0
BRDA:213,15,0,0
BRDA:213,15,1,0
BRDA:221,16,0,0
BRDA:221,16,1,0
BRDA:266,17,0,0
BRDA:266,17,1,0
BRDA:272,18,0,0
BRDA:272,18,1,0
BRDA:275,19,0,0
BRDA:275,19,1,0
BRDA:312,20,0,0
BRDA:327,21,0,0
BRDA:327,21,1,0
BRDA:329,22,0,0
BRDA:329,22,1,0
BRDA:337,23,0,0
BRDA:337,23,1,0
BRDA:345,24,0,0
BRDA:345,24,1,0
BRDA:345,25,0,0
BRDA:345,25,1,0
BRDA:353,26,0,0
BRDA:353,26,1,0
BRDA:366,27,0,0
BRDA:366,27,1,0
BRDA:409,28,0,0
BRDA:410,29,0,0
BRDA:416,30,0,0
BRDA:416,30,1,0
BRDA:433,31,0,0
BRDA:433,31,1,0
BRDA:463,32,0,0
BRDA:476,33,0,0
BRDA:476,33,1,0
BRDA:478,34,0,0
BRDA:478,34,1,0
BRDA:485,35,0,0
BRDA:485,35,1,0
BRDA:491,36,0,0
BRDA:491,36,1,0
BRDA:491,37,0,0
BRDA:491,37,1,0
BRDA:503,38,0,0
BRDA:503,38,1,0
BRDA:514,39,0,0
BRDA:514,39,1,0
BRDA:560,40,0,0
BRDA:560,40,1,0
BRDA:615,41,0,0
BRDA:615,41,1,0
BRDA:620,42,0,0
BRDA:620,42,1,0
BRDA:620,43,0,0
BRDA:620,43,1,0
BRDA:620,43,2,0
BRDA:621,44,0,0
BRDA:621,44,1,0
BRDA:636,45,0,0
BRDA:636,45,1,0
BRDA:636,46,0,0
BRDA:636,46,1,0
BRDA:637,47,0,0
BRDA:637,47,1,0
BRDA:654,48,0,0
BRDA:654,48,1,0
BRDA:666,49,0,0
BRDA:666,49,1,0
BRDA:666,50,0,0
BRDA:666,50,1,0
BRDA:667,51,0,0
BRDA:667,51,1,0
BRDA:681,52,0,0
BRDA:681,52,1,0
BRDA:683,53,0,0
BRDA:683,53,1,0
BRDA:719,54,0,0
BRDA:719,54,1,0
BRDA:728,55,0,0
BRDA:728,55,1,0
BRDA:730,56,0,0
BRDA:730,56,1,0
BRDA:732,57,0,0
BRDA:732,57,1,0
BRDA:735,58,0,0
BRDA:735,58,1,0
BRDA:738,59,0,0
BRDA:738,59,1,0
BRDA:738,60,0,0
BRDA:738,60,1,0
BRDA:749,61,0,0
BRDA:749,61,1,0
BRDA:755,62,0,0
BRDA:755,62,1,0
BRDA:798,63,0,0
BRDA:798,63,1,0
BRDA:798,64,0,0
BRDA:798,64,1,0
BRDA:816,65,0,0
BRDA:816,65,1,0
BRDA:824,66,0,0
BRDA:824,66,1,0
BRDA:832,67,0,0
BRDA:832,67,1,0
BRDA:952,68,0,0
BRDA:952,68,1,0
BRDA:958,69,0,0
BRDA:958,69,1,0
BRDA:999,70,0,0
BRDA:999,70,1,0
BRF:128
BRH:0
end_of_record
TN:
SF:src/components/Skeleton.tsx
FN:7,SkeletonLine
FN:28,SkeletonCard
FN:47,SkeletonTable
FN:60,(anonymous_3)
FN:65,(anonymous_4)
FN:67,(anonymous_5)
FN:83,SkeletonChart
FN:102,SkeletonStats
FN:114,(anonymous_8)
FNF:9
FNH:0
FNDA:0,SkeletonLine
FNDA:0,SkeletonCard
FNDA:0,SkeletonTable
FNDA:0,(anonymous_3)
FNDA:0,(anonymous_4)
FNDA:0,(anonymous_5)
FNDA:0,SkeletonChart
FNDA:0,SkeletonStats
FNDA:0,(anonymous_8)
DA:16,0
DA:35,0
DA:56,0
DA:61,0
DA:66,0
DA:68,0
DA:90,0
DA:109,0
DA:115,0
LF:9
LH:0
BRDA:8,0,0,0
BRDA:9,1,0,0
BRDA:10,2,0,0
BRDA:29,3,0,0
BRDA:30,4,0,0
BRDA:48,5,0,0
BRDA:49,6,0,0
BRDA:50,7,0,0
BRDA:71,8,0,0
BRDA:71,8,1,0
BRDA:84,9,0,0
BRDA:85,10,0,0
BRDA:103,11,0,0
BRDA:104,12,0,0
BRF:14
BRH:0
end_of_record
TN:
SF:src/components/WalletButton.tsx
FN:18,WalletButton
FN:26,(anonymous_1)
FN:27,(anonymous_2)
FN:37,(anonymous_3)
FN:85,(anonymous_4)
FN:136,(anonymous_5)
FN:154,(anonymous_6)
FN:184,(anonymous_7)
FN:187,(anonymous_8)
FNF:9
FNH:0
FNDA:0,WalletButton
FNDA:0,(anonymous_1)
FNDA:0,(anonymous_2)
FNDA:0,(anonymous_3)
FNDA:0,(anonymous_4)
FNDA:0,(anonymous_5)
FNDA:0,(anonymous_6)
FNDA:0,(anonymous_7)
FNDA:0,(anonymous_8)
DA:19,0
DA:20,0
DA:21,0
DA:22,0
DA:23,0
DA:26,0
DA:27,0
DA:28,0
DA:32,0
DA:33,0
DA:36,0
DA:37,0
DA:41,0
DA:42,0
DA:54,0
DA:55,0
DA:81,0
DA:82,0
DA:85,0
DA:137,0
DA:138,0
DA:151,0
DA:156,0
DA:157,0
DA:159,0
DA:185,0
DA:188,0
DA:189,0
LF:28
LH:0
BRDA:28,0,0,0
BRDA:28,0,1,0
BRDA:29,1,0,0
BRDA:29,1,1,0
BRDA:41,2,0,0
BRDA:41,2,1,0
BRDA:54,3,0,0
BRDA:54,3,1,0
BRDA:81,4,0,0
BRDA:81,4,1,0
BRDA:93,5,0,0
BRDA:93,5,1,0
BRDA:105,6,0,0
BRDA:105,6,1,0
BRDA:156,7,0,0
BRDA:156,7,1,0
BRDA:178,8,0,0
BRDA:178,8,1,0
BRF:18
BRH:0
end_of_record
TN:
SF:src/config/abis.ts
FNF:0
FNH:0
DA:8,0
DA:170,0
DA:242,0
DA:276,0
LF:4
LH:0
BRF:0
BRH:0
end_of_record
TN:
SF:src/config/chains.ts
FNF:0
FNH:0
DA:14,0
DA:15,0
DA:16,0
DA:22,0
DA:52,0
DA:79,0
DA:104,0
DA:107,0
DA:113,0
DA:123,0
DA:141,0
LF:11
LH:0
BRDA:104,0,0,0
BRDA:104,0,1,0
BRDA:107,1,0,0
BRDA:107,1,1,0
BRDA:109,2,0,0
BRDA:109,2,1,0
BRDA:124,3,0,0
BRDA:124,3,1,0
BRDA:125,4,0,0
BRDA:125,4,1,0
BRDA:126,5,0,0
BRDA:126,5,1,0
BRDA:127,6,0,0
BRDA:127,6,1,0
BRDA:129,7,0,0
BRDA:129,7,1,0
BRDA:130,8,0,0
BRDA:130,8,1,0
BRDA:131,9,0,0
BRDA:131,9,1,0
BRF:20
BRH:0
end_of_record
TN:
SF:src/config/wagmi.ts
FN:76,(anonymous_0)
FN:77,(anonymous_1)
FN:78,(anonymous_2)
FNF:3
FNH:0
FNDA:0,(anonymous_0)
FNDA:0,(anonymous_1)
FNDA:0,(anonymous_2)
DA:22,0
DA:28,0
DA:56,0
DA:66,0
DA:76,0
LF:5
LH:0
BRDA:22,0,0,0
BRDA:22,0,1,0
BRDA:32,1,0,0
BRDA:32,1,1,0
BRDA:73,2,0,0
BRDA:73,2,1,0
BRF:6
BRH:0
end_of_record
TN:
SF:src/contexts/AppContext.tsx
FN:111,nextNotifId
FN:151,AppProvider
FN:208,(anonymous_2)
FN:256,(anonymous_3)
FN:257,(anonymous_4)
FN:266,(anonymous_5)
FN:270,(anonymous_6)
FN:278,(anonymous_7)
FN:297,(anonymous_8)
FN:299,(anonymous_9)
FN:313,(anonymous_10)
FN:314,(anonymous_11)
FN:314,(anonymous_12)
FN:321,(anonymous_13)
FN:332,(anonymous_14)
FN:335,(anonymous_15)
FN:347,(anonymous_16)
FN:349,(anonymous_17)
FN:358,(anonymous_18)
FN:391,useApp
FNF:20
FNH:0
FNDA:0,nextNotifId
FNDA:0,AppProvider
FNDA:0,(anonymous_2)
FNDA:0,(anonymous_3)
FNDA:0,(anonymous_4)
FNDA:0,(anonymous_5)
FNDA:0,(anonymous_6)
FNDA:0,(anonymous_7)
FNDA:0,(anonymous_8)
FNDA:0,(anonymous_9)
FNDA:0,(anonymous_10)
FNDA:0,(anonymous_11)
FNDA:0,(anonymous_12)
FNDA:0,(anonymous_13)
FNDA:0,(anonymous_14)
FNDA:0,(anonymous_15)
FNDA:0,(anonymous_16)
FNDA:0,(anonymous_17)
FNDA:0,(anonymous_18)
FNDA:0,useApp
DA:110,0
DA:112,0
DA:113,0
DA:120,0
DA:131,0
DA:145,0
DA:153,0
DA:154,0
DA:155,0
DA:156,0
DA:157,0
DA:160,0
DA:166,0
DA:180,0
DA:182,0
DA:193,0
DA:205,0
DA:208,0
DA:209,0
DA:210,0
DA:215,0
DA:216,0
DA:217,0
DA:221,0
DA:222,0
DA:227,0
DA:256,0
DA:257,0
DA:258,0
DA:260,0
DA:261,0
DA:262,0
DA:266,0
DA:267,0
DA:270,0
DA:271,0
DA:272,0
DA:277,0
DA:278,0
DA:279,0
DA:280,0
DA:286,0
DA:290,0
DA:295,0
DA:297,0
DA:298,0
DA:299,0
DA:310,0
DA:311,0
DA:313,0
DA:314,0
DA:315,0
DA:316,0
DA:317,0
DA:321,0
DA:323,0
DA:324,0
DA:332,0
DA:335,0
DA:336,0
DA:343,0
DA:344,0
DA:347,0
DA:348,0
DA:349,0
DA:350,0
DA:355,0
DA:358,0
DA:359,0
DA:384,0
DA:392,0
DA:393,0
DA:394,0
DA:396,0
LF:74
LH:0
BRDA:168,0,0,0
BRDA:168,0,1,0
BRDA:172,1,0,0
BRDA:172,1,1,0
BRDA:184,2,0,0
BRDA:184,2,1,0
BRDA:188,3,0,0
BRDA:188,3,1,0
BRDA:195,4,0,0
BRDA:195,4,1,0
BRDA:199,5,0,0
BRDA:199,5,1,0
BRDA:205,6,0,0
BRDA:205,6,1,0
BRDA:209,7,0,0
BRDA:209,7,1,0
BRDA:209,8,0,0
BRDA:209,8,1,0
BRDA:216,9,0,0
BRDA:216,9,1,0
BRDA:221,10,0,0
BRDA:221,10,1,0
BRDA:230,11,0,0
BRDA:230,11,1,0
BRDA:233,12,0,0
BRDA:233,12,1,0
BRDA:258,13,0,0
BRDA:258,13,1,0
BRDA:260,14,0,0
BRDA:260,14,1,0
BRDA:261,15,0,0
BRDA:261,15,1,0
BRDA:271,16,0,0
BRDA:271,16,1,0
BRDA:279,17,0,0
BRDA:279,17,1,0
BRDA:279,18,0,0
BRDA:279,18,1,0
BRDA:298,19,0,0
BRDA:298,19,1,0
BRDA:315,20,0,0
BRDA:315,20,1,0
BRDA:393,21,0,0
BRDA:393,21,1,0
BRF:44
BRH:0
end_of_record
TN:
SF:src/hooks/useStablecoinBridge.ts
FN:59,useStablecoinConfig
FN:116,useStablecoinAllowance
FN:161,useBridgeOut
FN:169,(anonymous_3)
FNF:4
FNH:0
FNDA:0,useStablecoinConfig
FNDA:0,useStablecoinAllowance
FNDA:0,useBridgeOut
FNDA:0,(anonymous_3)
DA:60,0
DA:61,0
DA:63,0
DA:81,0
DA:99,0
DA:117,0
DA:118,0
DA:119,0
DA:123,0
DA:125,0
DA:130,0
DA:141,0
DA:162,0
DA:163,0
DA:164,0
DA:165,0
DA:166,0
DA:168,0
DA:177,0
DA:178,0
DA:179,0
DA:184,0
DA:187,0
DA:188,0
DA:193,0
DA:197,0
DA:198,0
DA:199,0
DA:204,0
DA:206,0
DA:207,0
DA:212,0
DA:216,0
DA:217,0
DA:222,0
DA:225,0
DA:226,0
DA:231,0
DA:236,0
DA:238,0
DA:243,0
DA:244,0
DA:249,0
DA:252,0
DA:254,0
DA:257,0
DA:263,0
DA:270,0
DA:275,0
DA:279,0
DA:281,0
DA:286,0
DA:293,0
DA:299,0
DA:301,0
DA:302,0
DA:307,0
DA:310,0
DA:316,0
DA:319,0
DA:321,0
DA:322,0
DA:328,0
DA:334,0
DA:340,0
LF:65
LH:0
BRDA:67,0,0,0
BRDA:67,0,1,0
BRDA:69,1,0,0
BRDA:69,1,1,0
BRDA:100,2,0,0
BRDA:100,2,1,0
BRDA:101,3,0,0
BRDA:101,3,1,0
BRDA:102,4,0,0
BRDA:102,4,1,0
BRDA:103,5,0,0
BRDA:103,5,1,0
BRDA:104,6,0,0
BRDA:104,6,1,0
BRDA:105,7,0,0
BRDA:105,7,1,0
BRDA:106,8,0,0
BRDA:106,8,1,0
BRDA:107,9,0,0
BRDA:107,9,1,0
BRDA:123,10,0,0
BRDA:123,10,1,0
BRDA:123,11,0,0
BRDA:123,11,1,0
BRDA:125,12,0,0
BRDA:125,12,1,0
BRDA:134,13,0,0
BRDA:134,13,1,0
BRDA:134,14,0,0
BRDA:134,14,1,0
BRDA:136,15,0,0
BRDA:136,15,1,0
BRDA:136,15,2,0
BRDA:142,16,0,0
BRDA:142,16,1,0
BRDA:178,17,0,0
BRDA:178,17,1,0
BRDA:187,18,0,0
BRDA:187,18,1,0
BRDA:191,19,0,0
BRDA:191,19,1,0
BRDA:197,20,0,0
BRDA:197,20,1,0
BRDA:197,21,0,0
BRDA:197,21,1,0
BRDA:198,22,0,0
BRDA:198,22,1,0
BRDA:206,23,0,0
BRDA:206,23,1,0
BRDA:216,24,0,0
BRDA:216,24,1,0
BRDA:225,25,0,0
BRDA:225,25,1,0
BRDA:236,26,0,0
BRDA:236,26,1,0
BRDA:236,27,0,0
BRDA:236,27,1,0
BRDA:238,28,0,0
BRDA:238,28,1,0
BRDA:243,29,0,0
BRDA:243,29,1,0
BRDA:301,30,0,0
BRDA:301,30,1,0
BRDA:319,31,0,0
BRDA:319,31,1,0
BRDA:321,32,0,0
BRDA:321,32,1,0
BRDA:331,33,0,0
BRDA:331,33,1,0
BRDA:331,33,2,0
BRF:70
BRH:0
end_of_record
TN:
SF:src/hooks/useTransaction.ts
FN:55,useTransaction
FN:66,(anonymous_1)
FN:89,(anonymous_2)
FN:117,(anonymous_3)
FN:133,txStatusLabel
FN:156,txStatusColor
FNF:6
FNH:0
FNDA:0,useTransaction
FNDA:0,(anonymous_1)
FNDA:0,(anonymous_2)
FNDA:0,(anonymous_3)
FNDA:0,txStatusLabel
FNDA:0,txStatusColor
DA:56,0
DA:63,0
DA:65,0
DA:73,0
DA:80,0
DA:81,0
DA:89,0
DA:95,0
DA:99,0
DA:104,0
DA:111,0
DA:117,0
DA:118,0
DA:126,0
DA:134,0
DA:136,0
DA:138,0
DA:140,0
DA:142,0
DA:144,0
DA:146,0
DA:148,0
DA:150,0
DA:152,0
DA:157,0
DA:159,0
DA:163,0
DA:167,0
DA:169,0
LF:29
LH:0
BRDA:99,0,0,0
BRDA:99,0,1,0
BRDA:99,0,2,0
BRDA:99,0,3,0
BRDA:105,1,0,0
BRDA:105,1,1,0
BRDA:107,2,0,0
BRDA:107,2,1,0
BRDA:134,3,0,0
BRDA:134,3,1,0
BRDA:134,3,2,0
BRDA:134,3,3,0
BRDA:134,3,4,0
BRDA:134,3,5,0
BRDA:134,3,6,0
BRDA:134,3,7,0
BRDA:134,3,8,0
BRDA:157,4,0,0
BRDA:157,4,1,0
BRDA:157,4,2,0
BRDA:157,4,3,0
BRDA:157,4,4,0
BRDA:157,4,5,0
BRDA:157,4,6,0
BRDA:157,4,7,0
BRF:25
BRH:0
end_of_record
TN:
SF:src/hooks/useVault.ts
FN:53,useVaultState
FN:104,useUserWithdrawals
FN:130,useStake
FN:138,(anonymous_3)
FN:246,useUnstake
FN:253,(anonymous_5)
FN:334,useWithdraw
FN:341,(anonymous_7)
FN:420,useClaimRewards
FN:427,(anonymous_9)
FNF:10
FNH:0
FNDA:0,useVaultState
FNDA:0,useUserWithdrawals
FNDA:0,useStake
FNDA:0,(anonymous_3)
FNDA:0,useUnstake
FNDA:0,(anonymous_5)
FNDA:0,useWithdraw
FNDA:0,(anonymous_7)
FNDA:0,useClaimRewards
FNDA:0,(anonymous_9)
DA:54,0
DA:56,0
DA:90,0
DA:105,0
DA:106,0
DA:108,0
DA:119,0
DA:131,0
DA:132,0
DA:133,0
DA:134,0
DA:135,0
DA:137,0
DA:139,0
DA:140,0
DA:145,0
DA:148,0
DA:149,0
DA:152,0
DA:153,0
DA:159,0
DA:169,0
DA:174,0
DA:178,0
DA:183,0
DA:191,0
DA:198,0
DA:200,0
DA:201,0
DA:206,0
DA:209,0
DA:215,0
DA:218,0
DA:220,0
DA:221,0
DA:227,0
DA:233,0
DA:239,0
DA:247,0
DA:248,0
DA:249,0
DA:250,0
DA:252,0
DA:254,0
DA:255,0
DA:260,0
DA:263,0
DA:264,0
DA:266,0
DA:271,0
DA:279,0
DA:286,0
DA:288,0
DA:289,0
DA:294,0
DA:297,0
DA:303,0
DA:306,0
DA:308,0
DA:309,0
DA:315,0
DA:321,0
DA:327,0
DA:335,0
DA:336,0
DA:337,0
DA:338,0
DA:340,0
DA:342,0
DA:343,0
DA:348,0
DA:351,0
DA:352,0
DA:357,0
DA:365,0
DA:372,0
DA:374,0
DA:375,0
DA:380,0
DA:383,0
DA:389,0
DA:392,0
DA:394,0
DA:395,0
DA:401,0
DA:407,0
DA:413,0
DA:421,0
DA:422,0
DA:423,0
DA:424,0
DA:426,0
DA:432,0
DA:433,0
DA:438,0
DA:441,0
DA:442,0
DA:447,0
DA:455,0
DA:462,0
DA:464,0
DA:465,0
DA:470,0
DA:473,0
DA:479,0
DA:482,0
DA:484,0
DA:485,0
DA:491,0
DA:497,0
DA:503,0
LF:111
LH:0
BRDA:91,0,0,0
BRDA:91,0,1,0
BRDA:92,1,0,0
BRDA:92,1,1,0
BRDA:93,2,0,0
BRDA:93,2,1,0
BRDA:94,3,0,0
BRDA:94,3,1,0
BRDA:95,4,0,0
BRDA:95,4,1,0
BRDA:112,5,0,0
BRDA:112,5,1,0
BRDA:114,6,0,0
BRDA:114,6,1,0
BRDA:120,7,0,0
BRDA:120,7,1,0
BRDA:139,8,0,0
BRDA:139,8,1,0
BRDA:152,9,0,0
BRDA:152,9,1,0
BRDA:200,10,0,0
BRDA:200,10,1,0
BRDA:218,11,0,0
BRDA:218,11,1,0
BRDA:220,12,0,0
BRDA:220,12,1,0
BRDA:230,13,0,0
BRDA:230,13,1,0
BRDA:230,13,2,0
BRDA:254,14,0,0
BRDA:254,14,1,0
BRDA:288,15,0,0
BRDA:288,15,1,0
BRDA:306,16,0,0
BRDA:306,16,1,0
BRDA:308,17,0,0
BRDA:308,17,1,0
BRDA:318,18,0,0
BRDA:318,18,1,0
BRDA:318,18,2,0
BRDA:342,19,0,0
BRDA:342,19,1,0
BRDA:374,20,0,0
BRDA:374,20,1,0
BRDA:392,21,0,0
BRDA:392,21,1,0
BRDA:394,22,0,0
BRDA:394,22,1,0
BRDA:404,23,0,0
BRDA:404,23,1,0
BRDA:404,23,2,0
BRDA:432,24,0,0
BRDA:432,24,1,0
BRDA:464,25,0,0
BRDA:464,25,1,0
BRDA:482,26,0,0
BRDA:482,26,1,0
BRDA:484,27,0,0
BRDA:484,27,1,0
BRDA:494,28,0,0
BRDA:494,28,1,0
BRDA:494,28,2,0
BRF:62
BRH:0
end_of_record
TN:
SF:src/lib/api.ts
FN:49,getBlocks
FN:56,getBlock
FN:60,getLatestBlock
FN:83,getTransactions
FN:105,getTransaction
FN:128,getValidators
FN:143,getValidator
FN:175,getJobs
FN:194,getJob
FN:198,submitJob
FN:227,getStakingInfo
FN:233,getStakingValidators
FN:254,getNetworkStats
FN:262,fetchApi
FN:323,(anonymous_14)
FN:339,useBlocks
FN:346,(anonymous_16)
FN:346,(anonymous_17)
FN:351,useBlock
FN:354,(anonymous_19)
FN:354,(anonymous_20)
FN:360,useValidators
FN:366,(anonymous_22)
FN:366,(anonymous_23)
FN:371,useNetworkStats
FN:374,(anonymous_25)
FN:374,(anonymous_26)
FNF:27
FNH:0
FNDA:0,getBlocks
FNDA:0,getBlock
FNDA:0,getLatestBlock
FNDA:0,getTransactions
FNDA:0,getTransaction
FNDA:0,getValidators
FNDA:0,getValidator
FNDA:0,getJobs
FNDA:0,getJob
FNDA:0,submitJob
FNDA:0,getStakingInfo
FNDA:0,getStakingValidators
FNDA:0,getNetworkStats
FNDA:0,fetchApi
FNDA:0,(anonymous_14)
FNDA:0,useBlocks
FNDA:0,(anonymous_16)
FNDA:0,(anonymous_17)
FNDA:0,useBlock
FNDA:0,(anonymous_19)
FNDA:0,(anonymous_20)
FNDA:0,useValidators
FNDA:0,(anonymous_22)
FNDA:0,(anonymous_23)
FNDA:0,useNetworkStats
FNDA:0,(anonymous_25)
FNDA:0,(anonymous_26)
DA:9,0
DA:53,0
DA:57,0
DA:61,0
DA:93,0
DA:94,0
DA:95,0
DA:96,0
DA:97,0
DA:98,0
DA:99,0
DA:100,0
DA:102,0
DA:108,0
DA:135,0
DA:136,0
DA:137,0
DA:138,0
DA:140,0
DA:146,0
DA:184,0
DA:185,0
DA:186,0
DA:187,0
DA:188,0
DA:189,0
DA:191,0
DA:195,0
DA:206,0
DA:230,0
DA:236,0
DA:255,0
DA:266,0
DA:268,0
DA:278,0
DA:279,0
DA:280,0
DA:281,0
DA:288,0
DA:289,0
DA:298,0
DA:300,0
DA:301,0
DA:308,0
DA:310,0
DA:311,0
DA:314,0
DA:325,0
DA:326,0
DA:328,0
DA:329,0
DA:344,0
DA:346,0
DA:352,0
DA:354,0
DA:364,0
DA:366,0
DA:372,0
DA:374,0
LF:59
LH:0
BRDA:9,0,0,0
BRDA:9,0,1,0
BRDA:50,1,0,0
BRDA:51,2,0,0
BRDA:84,3,0,0
BRDA:94,4,0,0
BRDA:94,4,1,0
BRDA:95,5,0,0
BRDA:95,5,1,0
BRDA:96,6,0,0
BRDA:96,6,1,0
BRDA:97,7,0,0
BRDA:97,7,1,0
BRDA:98,8,0,0
BRDA:98,8,1,0
BRDA:100,9,0,0
BRDA:100,9,1,0
BRDA:129,10,0,0
BRDA:136,11,0,0
BRDA:136,11,1,0
BRDA:137,12,0,0
BRDA:137,12,1,0
BRDA:138,13,0,0
BRDA:138,13,1,0
BRDA:176,14,0,0
BRDA:185,15,0,0
BRDA:185,15,1,0
BRDA:186,16,0,0
BRDA:186,16,1,0
BRDA:187,17,0,0
BRDA:187,17,1,0
BRDA:188,18,0,0
BRDA:188,18,1,0
BRDA:189,19,0,0
BRDA:189,19,1,0
BRDA:264,20,0,0
BRDA:273,21,0,0
BRDA:273,21,1,0
BRDA:278,22,0,0
BRDA:278,22,1,0
BRDA:280,23,0,0
BRDA:280,23,1,0
BRDA:300,24,0,0
BRDA:300,24,1,0
BRDA:302,25,0,0
BRDA:302,25,1,0
BRDA:310,26,0,0
BRDA:310,26,1,0
BRDA:340,27,0,0
BRDA:341,28,0,0
BRDA:361,29,0,0
BRF:51
BRH:0
end_of_record
TN:
SF:src/lib/constants.ts
FN:124,(anonymous_0)
FN:134,(anonymous_1)
FN:162,getAssetId
FN:167,isStablecoinEnabled
FN:199,getEnabledStablecoins
FN:204,getAllStablecoins
FNF:6
FNH:6
FNDA:2,(anonymous_0)
FNDA:2,(anonymous_1)
FNDA:11,getAssetId
FNDA:7,isStablecoinEnabled
FNDA:2,getEnabledStablecoins
FNDA:2,getAllStablecoins
DA:9,2
DA:18,2
DA:32,2
DA:48,2
DA:124,2
DA:126,2
DA:128,2
DA:130,2
DA:134,2
DA:135,2
DA:136,2
DA:137,2
DA:163,11
DA:168,7
DA:177,2
DA:200,2
DA:205,2
DA:209,2
LF:18
LH:18
BRF:0
BRH:0
end_of_record
TN:
SF:src/lib/protocol.ts
FN:36,buildProtocolPreview
FNF:1
FNH:0
FNDA:0,buildProtocolPreview
DA:37,0
DA:43,0
DA:46,0
DA:49,0
DA:58,0
DA:59,0
DA:62,0
DA:65,0
DA:68,0
DA:81,0
DA:89,0
LF:11
LH:0
BRF:0
BRH:0
end_of_record
TN:
SF:src/lib/reconciliation.ts
FN:36,fetchLiveReconciliation
FN:50,renderLiveReconciliationMarkdown
FN:57,(anonymous_2)
FN:105,(anonymous_3)
FN:113,downloadTextFile
FNF:5
FNH:0
FNDA:0,fetchLiveReconciliation
FNDA:0,renderLiveReconciliationMarkdown
FNDA:0,(anonymous_2)
FNDA:0,(anonymous_3)
FNDA:0,downloadTextFile
DA:34,0
DA:39,0
DA:42,0
DA:43,0
DA:47,0
DA:53,0
DA:55,0
DA:56,0
DA:57,0
DA:58,0
DA:61,0
DA:81,0
DA:82,0
DA:83,0
DA:84,0
DA:85,0
DA:88,0
DA:91,0
DA:94,0
DA:97,0
DA:98,0
DA:101,0
DA:102,0
DA:105,0
DA:110,0
DA:114,0
DA:115,0
DA:116,0
DA:117,0
DA:118,0
DA:119,0
DA:120,0
DA:121,0
DA:122,0
LF:34
LH:0
BRDA:34,0,0,0
BRDA:34,0,1,0
BRDA:37,1,0,0
BRDA:42,2,0,0
BRDA:42,2,1,0
BRDA:53,3,0,0
BRDA:53,3,1,0
BRDA:55,4,0,0
BRDA:55,4,1,0
BRDA:57,5,0,0
BRDA:57,5,1,0
BRDA:69,6,0,0
BRDA:69,6,1,0
BRDA:74,7,0,0
BRDA:74,7,1,0
BRDA:75,8,0,0
BRDA:75,8,1,0
BRDA:76,9,0,0
BRDA:76,9,1,0
BRDA:77,10,0,0
BRDA:77,10,1,0
BRDA:81,11,0,0
BRDA:81,11,1,0
BRDA:83,12,0,0
BRDA:83,12,1,0
BRDA:84,13,0,0
BRDA:84,13,1,0
BRDA:86,14,0,0
BRDA:86,14,1,0
BRDA:89,15,0,0
BRDA:89,15,1,0
BRDA:92,16,0,0
BRDA:92,16,1,0
BRDA:97,17,0,0
BRDA:97,17,1,0
BRDA:101,18,0,0
BRDA:101,18,1,0
BRDA:105,19,0,0
BRDA:105,19,1,0
BRF:39
BRH:0
end_of_record
TN:
SF:src/lib/utils.ts
FN:10,seededRandom
FN:18,seededRange
FN:25,seededInt
FN:32,seededHex
FN:44,seededAddress
FN:58,formatNumber
FN:69,formatFullNumber
FN:79,truncateAddress
FN:91,copyToClipboard
FN:92,(anonymous_9)
FNF:10
FNH:8
FNDA:106,seededRandom
FNDA:3,seededRange
FNDA:2,seededInt
FNDA:2,seededHex
FNDA:2,seededAddress
FNDA:6,formatNumber
FNDA:2,formatFullNumber
FNDA:2,truncateAddress
FNDA:0,copyToClipboard
FNDA:0,(anonymous_9)
DA:11,106
DA:12,106
DA:19,3
DA:26,2
DA:33,2
DA:34,2
DA:35,2
DA:36,24
DA:38,2
DA:45,2
DA:46,2
DA:47,2
DA:48,76
DA:50,2
DA:59,6
DA:60,5
DA:61,5
DA:62,4
DA:63,2
DA:70,2
DA:84,2
DA:85,1
DA:92,0
LF:23
LH:22
BRDA:58,0,0,6
BRDA:59,1,0,1
BRDA:59,1,1,5
BRDA:60,2,0,1
BRDA:60,2,1,4
BRDA:61,3,0,0
BRDA:61,3,1,1
BRDA:62,4,0,2
BRDA:62,4,1,2
BRDA:62,5,0,2
BRDA:62,5,1,0
BRDA:81,6,0,2
BRDA:82,7,0,2
BRDA:84,8,0,1
BRDA:84,8,1,1
BRF:15
BRH:13
end_of_record
TN:
SF:src/pages/404.tsx
FN:6,Custom404
FN:61,(anonymous_1)
FNF:2
FNH:0
FNDA:0,Custom404
FNDA:0,(anonymous_1)
DA:7,0
DA:61,0
LF:2
LH:0
BRF:0
BRH:0
end_of_record
TN:
SF:src/pages/_app.tsx
FN:21,AppInner
FN:24,(anonymous_1)
FN:25,(anonymous_2)
FN:32,(anonymous_3)
FN:52,App
FN:53,(anonymous_5)
FNF:6
FNH:0
FNDA:0,AppInner
FNDA:0,(anonymous_1)
FNDA:0,(anonymous_2)
FNDA:0,(anonymous_3)
FNDA:0,App
FNDA:0,(anonymous_5)
DA:22,0
DA:24,0
DA:25,0
DA:26,0
DA:27,0
DA:28,0
DA:31,0
DA:32,0
DA:35,0
DA:53,0
DA:55,0
DA:65,0
LF:12
LH:0
BRDA:26,0,0,0
BRDA:26,0,1,0
BRDA:26,1,0,0
BRDA:26,1,1,0
BRDA:26,1,2,0
BRF:5
BRH:0
end_of_record
TN:
SF:src/pages/_document.tsx
FN:3,Document
FNF:1
FNH:0
FNDA:0,Document
DA:4,0
LF:1
LH:0
BRF:0
BRH:0
end_of_record
TN:
SF:src/pages/_error.tsx
FN:11,ErrorPage
FN:54,(anonymous_1)
FN:74,(anonymous_2)
FNF:3
FNH:0
FNDA:0,ErrorPage
FNDA:0,(anonymous_1)
FNDA:0,(anonymous_2)
DA:13,0
DA:20,0
DA:26,0
DA:54,0
DA:74,0
DA:75,0
DA:76,0
LF:7
LH:0
BRDA:13,0,0,0
BRDA:13,0,1,0
BRDA:15,1,0,0
BRDA:15,1,1,0
BRDA:17,2,0,0
BRDA:17,2,1,0
BRDA:20,3,0,0
BRDA:20,3,1,0
BRDA:22,4,0,0
BRDA:22,4,1,0
BRDA:43,5,0,0
BRDA:43,5,1,0
BRDA:75,6,0,0
BRDA:75,6,1,0
BRDA:75,7,0,0
BRDA:75,7,1,0
BRF:16
BRH:0
end_of_record
TN:
SF:src/pages/devtools.tsx
FN:40,timedFetchJson
FN:68,timedPostJson
FN:101,DeveloperToolsDashboard
FN:102,(anonymous_3)
FN:105,(anonymous_4)
FN:134,(anonymous_5)
FN:138,(anonymous_6)
FN:140,(anonymous_7)
FN:143,(anonymous_8)
FN:144,(anonymous_9)
FN:152,(anonymous_10)
FN:177,(anonymous_11)
FN:243,(anonymous_12)
FN:318,(anonymous_13)
FN:327,StatusDot
FN:335,StatCard
FN:371,Panel
FN:387,(anonymous_17)
FN:400,ProtocolPanel
FN:420,(anonymous_19)
FN:433,LiveReconciliationPanel
FN:570,(anonymous_21)
FN:591,MetricChip
FN:602,HashRow
FNF:24
FNH:0
FNDA:0,timedFetchJson
FNDA:0,timedPostJson
FNDA:0,DeveloperToolsDashboard
FNDA:0,(anonymous_3)
FNDA:0,(anonymous_4)
FNDA:0,(anonymous_5)
FNDA:0,(anonymous_6)
FNDA:0,(anonymous_7)
FNDA:0,(anonymous_8)
FNDA:0,(anonymous_9)
FNDA:0,(anonymous_10)
FNDA:0,(anonymous_11)
FNDA:0,(anonymous_12)
FNDA:0,(anonymous_13)
FNDA:0,StatusDot
FNDA:0,StatCard
FNDA:0,Panel
FNDA:0,(anonymous_17)
FNDA:0,ProtocolPanel
FNDA:0,(anonymous_19)
FNDA:0,LiveReconciliationPanel
FNDA:0,(anonymous_21)
FNDA:0,MetricChip
FNDA:0,HashRow
DA:25,0
DA:27,0
DA:29,0
DA:41,0
DA:42,0
DA:43,0
DA:44,0
DA:45,0
DA:46,0
DA:49,0
DA:58,0
DA:73,0
DA:74,0
DA:75,0
DA:80,0
DA:81,0
DA:82,0
DA:91,0
DA:102,0
DA:103,0
DA:107,0
DA:120,0
DA:131,0
DA:134,0
DA:138,0
DA:139,0
DA:140,0
DA:141,0
DA:142,0
DA:143,0
DA:144,0
DA:145,0
DA:152,0
DA:158,0
DA:177,0
DA:244,0
DA:318,0
DA:328,0
DA:346,0
DA:354,0
DA:380,0
DA:388,0
DA:405,0
DA:413,0
DA:421,0
DA:446,0
DA:447,0
DA:448,0
DA:449,0
DA:451,0
DA:571,0
DA:592,0
DA:603,0
LF:53
LH:0
BRDA:25,0,0,0
BRDA:25,0,1,0
BRDA:27,1,0,0
BRDA:27,1,1,0
BRDA:29,2,0,0
BRDA:29,2,1,0
BRDA:45,3,0,0
BRDA:45,3,1,0
BRDA:46,4,0,0
BRDA:46,4,1,0
BRDA:55,5,0,0
BRDA:55,5,1,0
BRDA:63,6,0,0
BRDA:63,6,1,0
BRDA:88,7,0,0
BRDA:88,7,1,0
BRDA:96,8,0,0
BRDA:96,8,1,0
BRDA:139,9,0,0
BRDA:139,9,1,0
BRDA:150,10,0,0
BRDA:150,10,1,0
BRDA:181,11,0,0
BRDA:181,11,1,0
BRDA:224,12,0,0
BRDA:224,12,1,0
BRDA:237,13,0,0
BRDA:237,13,1,0
BRDA:243,14,0,0
BRDA:243,14,1,0
BRDA:260,15,0,0
BRDA:260,15,1,0
BRDA:262,16,0,0
BRDA:262,16,1,0
BRDA:265,17,0,0
BRDA:265,17,1,0
BRDA:271,18,0,0
BRDA:271,18,1,0
BRDA:276,19,0,0
BRDA:276,19,1,0
BRDA:276,19,2,0
BRDA:304,20,0,0
BRDA:304,20,1,0
BRDA:314,21,0,0
BRDA:314,21,1,0
BRDA:330,22,0,0
BRDA:330,22,1,0
BRDA:406,23,0,0
BRDA:406,23,1,0
BRDA:407,24,0,0
BRDA:407,24,1,0
BRDA:408,25,0,0
BRDA:408,25,1,0
BRDA:446,26,0,0
BRDA:446,26,1,0
BRDA:468,27,0,0
BRDA:468,27,1,0
BRDA:474,28,0,0
BRDA:474,28,1,0
BRDA:474,29,0,0
BRDA:474,29,1,0
BRDA:480,30,0,0
BRDA:480,30,1,0
BRDA:480,31,0,0
BRDA:480,31,1,0
BRDA:486,32,0,0
BRDA:486,32,1,0
BRDA:493,33,0,0
BRDA:493,33,1,0
BRDA:497,34,0,0
BRDA:497,34,1,0
BRDA:529,35,0,0
BRDA:529,35,1,0
BRDA:539,36,0,0
BRDA:539,36,1,0
BRDA:542,37,0,0
BRDA:542,37,1,0
BRDA:545,38,0,0
BRDA:545,38,1,0
BRDA:547,39,0,0
BRDA:547,39,1,0
BRDA:550,40,0,0
BRDA:550,40,1,0
BRDA:554,41,0,0
BRDA:554,41,1,0
BRDA:560,42,0,0
BRDA:560,42,1,0
BRDA:566,43,0,0
BRDA:566,43,1,0
BRDA:609,44,0,0
BRDA:609,44,1,0
BRF:91
BRH:0
end_of_record
TN:
SF:src/pages/reconciliation.tsx
FN:23,ReconciliationPage
FN:27,(anonymous_1)
FN:32,(anonymous_2)
FN:36,(anonymous_3)
FN:68,(anonymous_4)
FN:77,(anonymous_5)
FN:88,(anonymous_6)
FN:215,(anonymous_7)
FN:226,(anonymous_8)
FN:275,MetricCard
FN:305,Banner
FN:333,Panel
FN:342,MetricLine
FN:363,HashRow
FNF:14
FNH:0
FNDA:0,ReconciliationPage
FNDA:0,(anonymous_1)
FNDA:0,(anonymous_2)
FNDA:0,(anonymous_3)
FNDA:0,(anonymous_4)
FNDA:0,(anonymous_5)
FNDA:0,(anonymous_6)
FNDA:0,(anonymous_7)
FNDA:0,(anonymous_8)
FNDA:0,MetricCard
FNDA:0,Banner
FNDA:0,Panel
FNDA:0,MetricLine
FNDA:0,HashRow
DA:24,0
DA:27,0
DA:31,0
DA:32,0
DA:33,0
DA:36,0
DA:37,0
DA:41,0
DA:68,0
DA:78,0
DA:89,0
DA:216,0
DA:227,0
DA:284,0
DA:293,0
DA:312,0
DA:313,0
DA:323,0
DA:334,0
DA:351,0
DA:364,0
LF:21
LH:0
BRDA:31,0,0,0
BRDA:31,0,1,0
BRDA:33,1,0,0
BRDA:33,1,1,0
BRDA:37,2,0,0
BRDA:37,2,1,0
BRDA:72,3,0,0
BRDA:72,3,1,0
BRDA:78,4,0,0
BRDA:78,4,1,0
BRDA:89,5,0,0
BRDA:89,5,1,0
BRDA:111,6,0,0
BRDA:111,6,1,0
BRDA:117,7,0,0
BRDA:117,7,1,0
BRDA:124,8,0,0
BRDA:124,8,1,0
BRDA:131,9,0,0
BRDA:131,9,1,0
BRDA:135,10,0,0
BRDA:135,10,1,0
BRDA:135,11,0,0
BRDA:135,11,1,0
BRDA:141,12,0,0
BRDA:141,12,1,0
BRDA:141,13,0,0
BRDA:141,13,1,0
BRDA:145,14,0,0
BRDA:145,14,1,0
BRDA:156,15,0,0
BRDA:156,15,1,0
BRDA:161,16,0,0
BRDA:161,16,1,0
BRDA:169,17,0,0
BRDA:169,17,1,0
BRDA:176,18,0,0
BRDA:176,18,1,0
BRDA:215,19,0,0
BRDA:215,19,1,0
BRDA:224,20,0,0
BRDA:224,20,1,0
BRDA:312,21,0,0
BRDA:312,21,1,0
BRDA:356,22,0,0
BRDA:356,22,1,0
BRDA:370,23,0,0
BRDA:370,23,1,0
BRF:48
BRH:0
end_of_record
